{"/Users/seunjay/Desktop/String_Extension/extend-string.js": {"path":"/Users/seunjay/Desktop/String_Extension/extend-string.js","statementMap":{"0":{"start":{"line":1,"column":0},"end":{"line":4,"column":1}},"1":{"start":{"line":2,"column":14},"end":{"line":2,"column":24}},"2":{"start":{"line":3,"column":2},"end":{"line":3,"column":39}},"3":{"start":{"line":6,"column":0},"end":{"line":16,"column":1}},"4":{"start":{"line":7,"column":15},"end":{"line":7,"column":17}},"5":{"start":{"line":8,"column":2},"end":{"line":14,"column":3}},"6":{"start":{"line":9,"column":24},"end":{"line":9,"column":46}},"7":{"start":{"line":10,"column":4},"end":{"line":12,"column":5}},"8":{"start":{"line":11,"column":6},"end":{"line":11,"column":25}},"9":{"start":{"line":13,"column":4},"end":{"line":13,"column":49}},"10":{"start":{"line":15,"column":2},"end":{"line":15,"column":15}},"11":{"start":{"line":18,"column":0},"end":{"line":28,"column":2}},"12":{"start":{"line":19,"column":15},"end":{"line":19,"column":17}},"13":{"start":{"line":20,"column":2},"end":{"line":26,"column":3}},"14":{"start":{"line":21,"column":24},"end":{"line":21,"column":46}},"15":{"start":{"line":22,"column":4},"end":{"line":24,"column":5}},"16":{"start":{"line":23,"column":6},"end":{"line":23,"column":25}},"17":{"start":{"line":25,"column":4},"end":{"line":25,"column":49}},"18":{"start":{"line":27,"column":2},"end":{"line":27,"column":15}},"19":{"start":{"line":30,"column":0},"end":{"line":33,"column":1}},"20":{"start":{"line":31,"column":2},"end":{"line":31,"column":53}},"21":{"start":{"line":31,"column":25},"end":{"line":31,"column":53}},"22":{"start":{"line":32,"column":2},"end":{"line":32,"column":49}},"23":{"start":{"line":35,"column":0},"end":{"line":38,"column":1}},"24":{"start":{"line":36,"column":14},"end":{"line":36,"column":23}},"25":{"start":{"line":37,"column":2},"end":{"line":37,"column":38}},"26":{"start":{"line":40,"column":0},"end":{"line":43,"column":1}},"27":{"start":{"line":41,"column":14},"end":{"line":41,"column":20}},"28":{"start":{"line":42,"column":2},"end":{"line":42,"column":27}},"29":{"start":{"line":45,"column":0},"end":{"line":47,"column":1}},"30":{"start":{"line":46,"column":2},"end":{"line":46,"column":28}},"31":{"start":{"line":49,"column":0},"end":{"line":53,"column":1}},"32":{"start":{"line":50,"column":14},"end":{"line":50,"column":30}},"33":{"start":{"line":51,"column":21},"end":{"line":51,"column":26}},"34":{"start":{"line":52,"column":2},"end":{"line":52,"column":42}},"35":{"start":{"line":55,"column":0},"end":{"line":59,"column":1}},"36":{"start":{"line":56,"column":14},"end":{"line":56,"column":18}},"37":{"start":{"line":57,"column":17},"end":{"line":57,"column":19}},"38":{"start":{"line":58,"column":2},"end":{"line":58,"column":38}},"39":{"start":{"line":61,"column":0},"end":{"line":75,"column":1}},"40":{"start":{"line":62,"column":15},"end":{"line":62,"column":17}},"41":{"start":{"line":63,"column":10},"end":{"line":63,"column":11}},"42":{"start":{"line":64,"column":2},"end":{"line":73,"column":3}},"43":{"start":{"line":65,"column":15},"end":{"line":65,"column":29}},"44":{"start":{"line":66,"column":4},"end":{"line":70,"column":5}},"45":{"start":{"line":67,"column":6},"end":{"line":67,"column":28}},"46":{"start":{"line":69,"column":6},"end":{"line":69,"column":27}},"47":{"start":{"line":71,"column":4},"end":{"line":71,"column":7}},"48":{"start":{"line":72,"column":4},"end":{"line":72,"column":18}},"49":{"start":{"line":74,"column":2},"end":{"line":74,"column":15}},"50":{"start":{"line":77,"column":0},"end":{"line":87,"column":1}},"51":{"start":{"line":78,"column":14},"end":{"line":78,"column":38}},"52":{"start":{"line":79,"column":2},"end":{"line":85,"column":3}},"53":{"start":{"line":80,"column":4},"end":{"line":84,"column":5}},"54":{"start":{"line":81,"column":6},"end":{"line":81,"column":36}},"55":{"start":{"line":83,"column":6},"end":{"line":83,"column":35}},"56":{"start":{"line":86,"column":2},"end":{"line":86,"column":23}},"57":{"start":{"line":89,"column":0},"end":{"line":102,"column":1}},"58":{"start":{"line":90,"column":15},"end":{"line":90,"column":17}},"59":{"start":{"line":91,"column":14},"end":{"line":91,"column":19}},"60":{"start":{"line":92,"column":24},"end":{"line":92,"column":38}},"61":{"start":{"line":93,"column":22},"end":{"line":93,"column":102}},"62":{"start":{"line":94,"column":2},"end":{"line":101,"column":3}},"63":{"start":{"line":95,"column":4},"end":{"line":97,"column":5}},"64":{"start":{"line":96,"column":6},"end":{"line":96,"column":57}},"65":{"start":{"line":98,"column":4},"end":{"line":98,"column":28}},"66":{"start":{"line":100,"column":4},"end":{"line":100,"column":27}}},"fnMap":{"0":{"name":"(anonymous_0)","decl":{"start":{"line":1,"column":29},"end":{"line":1,"column":30}},"loc":{"start":{"line":1,"column":40},"end":{"line":4,"column":1}},"line":1},"1":{"name":"(anonymous_1)","decl":{"start":{"line":6,"column":27},"end":{"line":6,"column":28}},"loc":{"start":{"line":6,"column":38},"end":{"line":16,"column":1}},"line":6},"2":{"name":"(anonymous_2)","decl":{"start":{"line":18,"column":27},"end":{"line":18,"column":28}},"loc":{"start":{"line":18,"column":38},"end":{"line":28,"column":1}},"line":18},"3":{"name":"(anonymous_3)","decl":{"start":{"line":30,"column":27},"end":{"line":30,"column":28}},"loc":{"start":{"line":30,"column":38},"end":{"line":33,"column":1}},"line":30},"4":{"name":"(anonymous_4)","decl":{"start":{"line":35,"column":30},"end":{"line":35,"column":31}},"loc":{"start":{"line":35,"column":41},"end":{"line":38,"column":1}},"line":35},"5":{"name":"(anonymous_5)","decl":{"start":{"line":40,"column":25},"end":{"line":40,"column":26}},"loc":{"start":{"line":40,"column":36},"end":{"line":43,"column":1}},"line":40},"6":{"name":"(anonymous_6)","decl":{"start":{"line":45,"column":29},"end":{"line":45,"column":30}},"loc":{"start":{"line":45,"column":40},"end":{"line":47,"column":1}},"line":45},"7":{"name":"(anonymous_7)","decl":{"start":{"line":49,"column":30},"end":{"line":49,"column":31}},"loc":{"start":{"line":49,"column":41},"end":{"line":53,"column":1}},"line":49},"8":{"name":"(anonymous_8)","decl":{"start":{"line":55,"column":32},"end":{"line":55,"column":33}},"loc":{"start":{"line":55,"column":43},"end":{"line":59,"column":1}},"line":55},"9":{"name":"(anonymous_9)","decl":{"start":{"line":61,"column":31},"end":{"line":61,"column":32}},"loc":{"start":{"line":61,"column":42},"end":{"line":75,"column":1}},"line":61},"10":{"name":"(anonymous_10)","decl":{"start":{"line":77,"column":35},"end":{"line":77,"column":36}},"loc":{"start":{"line":77,"column":46},"end":{"line":87,"column":1}},"line":77},"11":{"name":"(anonymous_11)","decl":{"start":{"line":89,"column":31},"end":{"line":89,"column":32}},"loc":{"start":{"line":89,"column":42},"end":{"line":102,"column":1}},"line":89}},"branchMap":{"0":{"loc":{"start":{"line":3,"column":9},"end":{"line":3,"column":39}},"type":"cond-expr","locations":[{"start":{"line":3,"column":27},"end":{"line":3,"column":31}},{"start":{"line":3,"column":34},"end":{"line":3,"column":39}}],"line":3},"1":{"loc":{"start":{"line":10,"column":4},"end":{"line":12,"column":5}},"type":"if","locations":[{"start":{"line":10,"column":4},"end":{"line":12,"column":5}},{"start":{"line":10,"column":4},"end":{"line":12,"column":5}}],"line":10},"2":{"loc":{"start":{"line":10,"column":7},"end":{"line":10,"column":50}},"type":"binary-expr","locations":[{"start":{"line":10,"column":7},"end":{"line":10,"column":26}},{"start":{"line":10,"column":30},"end":{"line":10,"column":50}}],"line":10},"3":{"loc":{"start":{"line":22,"column":4},"end":{"line":24,"column":5}},"type":"if","locations":[{"start":{"line":22,"column":4},"end":{"line":24,"column":5}},{"start":{"line":22,"column":4},"end":{"line":24,"column":5}}],"line":22},"4":{"loc":{"start":{"line":22,"column":7},"end":{"line":22,"column":49}},"type":"binary-expr","locations":[{"start":{"line":22,"column":7},"end":{"line":22,"column":26}},{"start":{"line":22,"column":30},"end":{"line":22,"column":49}}],"line":22},"5":{"loc":{"start":{"line":31,"column":2},"end":{"line":31,"column":53}},"type":"if","locations":[{"start":{"line":31,"column":2},"end":{"line":31,"column":53}},{"start":{"line":31,"column":2},"end":{"line":31,"column":53}}],"line":31},"6":{"loc":{"start":{"line":37,"column":9},"end":{"line":37,"column":38}},"type":"cond-expr","locations":[{"start":{"line":37,"column":27},"end":{"line":37,"column":31}},{"start":{"line":37,"column":33},"end":{"line":37,"column":38}}],"line":37},"7":{"loc":{"start":{"line":66,"column":4},"end":{"line":70,"column":5}},"type":"if","locations":[{"start":{"line":66,"column":4},"end":{"line":70,"column":5}},{"start":{"line":66,"column":4},"end":{"line":70,"column":5}}],"line":66},"8":{"loc":{"start":{"line":80,"column":4},"end":{"line":84,"column":5}},"type":"if","locations":[{"start":{"line":80,"column":4},"end":{"line":84,"column":5}},{"start":{"line":80,"column":4},"end":{"line":84,"column":5}}],"line":80},"9":{"loc":{"start":{"line":94,"column":2},"end":{"line":101,"column":3}},"type":"if","locations":[{"start":{"line":94,"column":2},"end":{"line":101,"column":3}},{"start":{"line":94,"column":2},"end":{"line":101,"column":3}}],"line":94}},"s":{"0":1,"1":2,"2":2,"3":1,"4":14,"5":14,"6":23,"7":23,"8":18,"9":23,"10":14,"11":1,"12":10,"13":10,"14":24,"15":24,"16":6,"17":24,"18":10,"19":1,"20":2,"21":1,"22":1,"23":1,"24":2,"25":2,"26":1,"27":2,"28":2,"29":1,"30":1,"31":1,"32":1,"33":1,"34":1,"35":1,"36":1,"37":1,"38":1,"39":1,"40":1,"41":1,"42":1,"43":6,"44":6,"45":2,"46":4,"47":6,"48":6,"49":1,"50":1,"51":1,"52":1,"53":12,"54":6,"55":6,"56":1,"57":1,"58":2,"59":2,"60":2,"61":2,"62":2,"63":1,"64":3,"65":1,"66":1},"f":{"0":2,"1":14,"2":10,"3":2,"4":2,"5":2,"6":1,"7":1,"8":1,"9":1,"10":1,"11":2},"b":{"0":[1,1],"1":[18,5],"2":[23,18],"3":[6,18],"4":[24,24],"5":[1,1],"6":[1,1],"7":[2,4],"8":[6,6],"9":[1,1]},"_coverageSchema":"43e27e138ebf9cfc5966b082cf9a028302ed4184","hash":"1e1053054edaa356b7f00c29bd75e69ecad4a0dd"}
}
