{"/Users/seunjay/Desktop/String_Extension/extend-string.js": {"path":"/Users/seunjay/Desktop/String_Extension/extend-string.js","statementMap":{"0":{"start":{"line":1,"column":0},"end":{"line":4,"column":1}},"1":{"start":{"line":2,"column":14},"end":{"line":2,"column":24}},"2":{"start":{"line":3,"column":2},"end":{"line":3,"column":39}},"3":{"start":{"line":6,"column":0},"end":{"line":16,"column":1}},"4":{"start":{"line":7,"column":15},"end":{"line":7,"column":17}},"5":{"start":{"line":8,"column":2},"end":{"line":14,"column":3}},"6":{"start":{"line":9,"column":24},"end":{"line":9,"column":46}},"7":{"start":{"line":10,"column":4},"end":{"line":12,"column":5}},"8":{"start":{"line":11,"column":6},"end":{"line":11,"column":25}},"9":{"start":{"line":13,"column":4},"end":{"line":13,"column":49}},"10":{"start":{"line":15,"column":2},"end":{"line":15,"column":15}},"11":{"start":{"line":18,"column":0},"end":{"line":28,"column":1}},"12":{"start":{"line":19,"column":15},"end":{"line":19,"column":17}},"13":{"start":{"line":20,"column":2},"end":{"line":26,"column":3}},"14":{"start":{"line":21,"column":24},"end":{"line":21,"column":46}},"15":{"start":{"line":22,"column":4},"end":{"line":24,"column":5}},"16":{"start":{"line":23,"column":6},"end":{"line":23,"column":25}},"17":{"start":{"line":25,"column":4},"end":{"line":25,"column":49}},"18":{"start":{"line":27,"column":2},"end":{"line":27,"column":15}}},"fnMap":{"0":{"name":"(anonymous_0)","decl":{"start":{"line":1,"column":29},"end":{"line":1,"column":30}},"loc":{"start":{"line":1,"column":40},"end":{"line":4,"column":1}},"line":1},"1":{"name":"(anonymous_1)","decl":{"start":{"line":6,"column":27},"end":{"line":6,"column":28}},"loc":{"start":{"line":6,"column":38},"end":{"line":16,"column":1}},"line":6},"2":{"name":"(anonymous_2)","decl":{"start":{"line":18,"column":27},"end":{"line":18,"column":28}},"loc":{"start":{"line":18,"column":38},"end":{"line":28,"column":1}},"line":18}},"branchMap":{"0":{"loc":{"start":{"line":3,"column":9},"end":{"line":3,"column":39}},"type":"cond-expr","locations":[{"start":{"line":3,"column":27},"end":{"line":3,"column":31}},{"start":{"line":3,"column":34},"end":{"line":3,"column":39}}],"line":3},"1":{"loc":{"start":{"line":10,"column":4},"end":{"line":12,"column":5}},"type":"if","locations":[{"start":{"line":10,"column":4},"end":{"line":12,"column":5}},{"start":{"line":10,"column":4},"end":{"line":12,"column":5}}],"line":10},"2":{"loc":{"start":{"line":10,"column":7},"end":{"line":10,"column":50}},"type":"binary-expr","locations":[{"start":{"line":10,"column":7},"end":{"line":10,"column":26}},{"start":{"line":10,"column":30},"end":{"line":10,"column":50}}],"line":10},"3":{"loc":{"start":{"line":22,"column":4},"end":{"line":24,"column":5}},"type":"if","locations":[{"start":{"line":22,"column":4},"end":{"line":24,"column":5}},{"start":{"line":22,"column":4},"end":{"line":24,"column":5}}],"line":22},"4":{"loc":{"start":{"line":22,"column":7},"end":{"line":22,"column":49}},"type":"binary-expr","locations":[{"start":{"line":22,"column":7},"end":{"line":22,"column":26}},{"start":{"line":22,"column":30},"end":{"line":22,"column":49}}],"line":22}},"s":{"0":1,"1":2,"2":2,"3":1,"4":2,"5":2,"6":8,"7":8,"8":8,"9":8,"10":2,"11":1,"12":1,"13":1,"14":4,"15":4,"16":4,"17":4,"18":1},"f":{"0":2,"1":2,"2":1},"b":{"0":[1,1],"1":[8,0],"2":[8,8],"3":[4,0],"4":[4,4]},"_coverageSchema":"43e27e138ebf9cfc5966b082cf9a028302ed4184","hash":"dec70fb4f171e57e75b42d829657d75e15e38ea6"}
}
