TN:
SF:/Users/seunjay/Desktop/String_Extension/extend-string.js
FN:1,(anonymous_0)
FN:6,(anonymous_1)
FN:20,(anonymous_2)
FN:34,(anonymous_3)
FN:39,(anonymous_4)
FNF:5
FNH:5
FNDA:2,(anonymous_0)
FNDA:4,(anonymous_1)
FNDA:2,(anonymous_2)
FNDA:2,(anonymous_3)
FNDA:2,(anonymous_4)
DA:1,1
DA:2,2
DA:3,2
DA:6,1
DA:7,4
DA:8,4
DA:9,10
DA:10,10
DA:11,9
DA:13,1
DA:15,9
DA:17,3
DA:20,1
DA:21,2
DA:22,2
DA:23,5
DA:24,5
DA:25,4
DA:27,1
DA:29,4
DA:31,1
DA:34,1
DA:35,2
DA:36,1
DA:39,1
DA:40,2
DA:41,2
LF:27
LH:27
BRDA:3,0,0,1
BRDA:3,0,1,1
BRDA:10,1,0,9
BRDA:10,1,1,1
BRDA:10,2,0,10
BRDA:10,2,1,9
BRDA:24,3,0,4
BRDA:24,3,1,1
BRDA:24,4,0,5
BRDA:24,4,1,5
BRDA:35,5,0,1
BRDA:35,5,1,1
BRDA:41,6,0,1
BRDA:41,6,1,1
BRF:14
BRH:14
end_of_record
